<?xml version="1.0" encoding="UTF-8"?>
<testng-results skipped="0" failed="0" total="4" passed="4">
  <reporter-output>
    <line>
      <![CDATA[Step 1 : Browser Initialized------PASS]]>
    </line>
    <line>
      <![CDATA[<br>Step 1 : Url Loaded------PASS]]>
    </line>
    <line>
      <![CDATA[<br>Step 2 : Signin clicked------PASS]]>
    </line>
    <line>
      <![CDATA[<br>Step 3 : email entered------PASS]]>
    </line>
    <line>
      <![CDATA[<br>Step 4 : create account clicked------PASS]]>
    </line>
    <line>
      <![CDATA[<br>Step 5 : gender choosed------PASS]]>
    </line>
    <line>
      <![CDATA[<br>Step 6 : firstname entered------PASS]]>
    </line>
    <line>
      <![CDATA[<br>Step 7 : lastname entered------PASS]]>
    </line>
    <line>
      <![CDATA[<br>Step 8 : password entered------PASS]]>
    </line>
    <line>
      <![CDATA[<br>Step 9 : day selected------PASS]]>
    </line>
    <line>
      <![CDATA[<br>Step 10 : month selected------PASS]]>
    </line>
    <line>
      <![CDATA[<br>Step 11 : year selected------PASS]]>
    </line>
    <line>
      <![CDATA[<br>Step 12 : address firstname entered-----PASS]]>
    </line>
    <line>
      <![CDATA[<br>Step 12 : address lastname entered------PASS]]>
    </line>
    <line>
      <![CDATA[<br>Step 14 : address entered------PASS]]>
    </line>
    <line>
      <![CDATA[<br>Step 15 : city entered------PASS]]>
    </line>
    <line>
      <![CDATA[<br>Step 16 : state selected------PASS]]>
    </line>
    <line>
      <![CDATA[<br>Step 17 : year selected------PASS]]>
    </line>
    <line>
      <![CDATA[<br>Step 18 : zip entered-----PASS]]>
    </line>
    <line>
      <![CDATA[<br>Step 19 : phone number entered------PASS]]>
    </line>
    <line>
      <![CDATA[<br>Step 20 : alais entered------PASS]]>
    </line>
    <line>
      <![CDATA[<br>Step 21 : register clicked------PASS]]>
    </line>
    <line>
      <![CDATA[<br><img src='F:/Selenium_Framework-master/Selenium_Framework-master/src/libraries/screenshots/testScripts.UserRegistration_30_03_2021_11_48_39.jpeg' height='300' width='300'/><br>]]>
    </line>
    <line>
      <![CDATA[<br>Step 22 : Validating the Registration ------PASS]]>
    </line>
    <line>
      <![CDATA[<br>Browser Closed------PASS]]>
    </line>
    <line>
      <![CDATA[Step 1 : Browser Initialized------PASS]]>
    </line>
    <line>
      <![CDATA[<br>Step 1 : Url Loaded------PASS]]>
    </line>
    <line>
      <![CDATA[<br>Step 2 : Signin clicked------PASS]]>
    </line>
    <line>
      <![CDATA[<br>Step 3 : Application logged in------PASS]]>
    </line>
    <line>
      <![CDATA[<br>Step 4 : Tshirt Menu clicked------PASS]]>
    </line>
    <line>
      <![CDATA[<br>Step 5 : Tshirt Hoverd over------PASS]]>
    </line>
    <line>
      <![CDATA[<br>Step 6 : Add to cart clicked------PASS]]>
    </line>
    <line>
      <![CDATA[<br>Step 7 : proceed to Checkout clicked------PASS]]>
    </line>
    <line>
      <![CDATA[<br><img src='F:/Selenium_Framework-master/Selenium_Framework-master/src/libraries/screenshots/testScripts.ProductSelection_30_03_2021_11_49_05.jpeg' height='300' width='300'/><br>]]>
    </line>
    <line>
      <![CDATA[<br>Step 8 : Verificaiton of Prodcut selection------PASS]]>
    </line>
    <line>
      <![CDATA[<br>Browser Closed------PASS]]>
    </line>
    <line>
      <![CDATA[Step 1 : Browser Initialized------PASS]]>
    </line>
    <line>
      <![CDATA[<br>Step 1 : Url Loaded------PASS]]>
    </line>
    <line>
      <![CDATA[<br>Step 2 : Signin clicked------PASS]]>
    </line>
    <line>
      <![CDATA[<br>Step 3 : Application logged in------PASS]]>
    </line>
    <line>
      <![CDATA[<br>Step 4 : Tshirt Menu clicked------PASS]]>
    </line>
    <line>
      <![CDATA[<br>Step 5 : Tshirt Hovered Over------PASS]]>
    </line>
    <line>
      <![CDATA[<br>Step 6 : Add to Cart clicked------PASS]]>
    </line>
    <line>
      <![CDATA[<br>Step 7 : Proceed to checkout clicked------PASS]]>
    </line>
    <line>
      <![CDATA[<br>Step 8 : Proceed to checkout clicked------PASS]]>
    </line>
    <line>
      <![CDATA[<br>Step 9 : Proceed to update address clicked------PASS]]>
    </line>
    <line>
      <![CDATA[<br>Step 10 : Proceed to address field edited------PASS]]>
    </line>
    <line>
      <![CDATA[<br>Step 11 : save button clicked------PASS]]>
    </line>
    <line>
      <![CDATA[<br>Step 12 : Verification of Address Success------PASS]]>
    </line>
    <line>
      <![CDATA[<br>Step 13 : Proceed to checkout clicked------PASS]]>
    </line>
    <line>
      <![CDATA[<br>Step 14 : User Agreement Checkbox clicked------PASS]]>
    </line>
    <line>
      <![CDATA[<br>Step 15 : Proceed to checkout clicked------PASS]]>
    </line>
    <line>
      <![CDATA[<br><img src='F:/Selenium_Framework-master/Selenium_Framework-master/src/libraries/screenshots/testScripts.AddressUpdate_30_03_2021_11_49_45.jpeg' height='300' width='300'/><br>]]>
    </line>
    <line>
      <![CDATA[<br>Step 16 : Validation Successfull------PASS]]>
    </line>
    <line>
      <![CDATA[<br>Browser Closed------PASS]]>
    </line>
    <line>
      <![CDATA[Step 1 : Browser Initialized------PASS]]>
    </line>
    <line>
      <![CDATA[<br>Step 1 : Url Loaded------PASS]]>
    </line>
    <line>
      <![CDATA[<br>Step 2 : Signin clicked------PASS]]>
    </line>
    <line>
      <![CDATA[<br>Step 3 : Application logged in------PASS]]>
    </line>
    <line>
      <![CDATA[<br>Step 4 : Tshirt Menu clicked------PASS]]>
    </line>
    <line>
      <![CDATA[<br>Step 5 : Tshirt Hovered Over------PASS]]>
    </line>
    <line>
      <![CDATA[<br>Step 6 : Add to Cart clicked------PASS]]>
    </line>
    <line>
      <![CDATA[<br>Step 7 : Proceed to checkout clicked------PASS]]>
    </line>
    <line>
      <![CDATA[<br>Step 8 : Proceed to checkout clicked------PASS]]>
    </line>
    <line>
      <![CDATA[<br>Step 9 : Proceed to update address clicked------PASS]]>
    </line>
    <line>
      <![CDATA[<br>Step 10 : Proceed to address field edited------PASS]]>
    </line>
    <line>
      <![CDATA[<br>Step 11 : save button clicked------PASS]]>
    </line>
    <line>
      <![CDATA[<br>Step 12 : Verification of Address Success------PASS]]>
    </line>
    <line>
      <![CDATA[<br>Step 13 : Proceed to checkout clicked------PASS]]>
    </line>
    <line>
      <![CDATA[<br>Step 14 : User Agreement Checkbox clicked------PASS]]>
    </line>
    <line>
      <![CDATA[<br>Step 15 : Proceed to checkout clicked------PASS]]>
    </line>
    <line>
      <![CDATA[<br>Step 16 : payment option  clicked------PASS]]>
    </line>
    <line>
      <![CDATA[<br>Step 17 : order confirmed------PASS]]>
    </line>
    <line>
      <![CDATA[<br><img src='F:/Selenium_Framework-master/Selenium_Framework-master/src/libraries/screenshots/testScripts.Payment_30_03_2021_11_50_30.jpeg' height='300' width='300'/><br>]]>
    </line>
    <line>
      <![CDATA[<br>Step 18 : Order Details Validated------PASS]]>
    </line>
    <line>
      <![CDATA[<br>Browser Closed------PASS]]>
    </line>
  </reporter-output>
  <suite name="first" duration-ms="141426" started-at="2021-03-30T06:18:10Z" finished-at="2021-03-30T06:20:31Z">
    <groups>
    </groups>
    <test name="OrangeHRM" duration-ms="141426" started-at="2021-03-30T06:18:10Z" finished-at="2021-03-30T06:20:31Z">
      <class name="testScripts.AddressUpdate">
        <test-method status="PASS" signature="load(org.testng.ITestResult)[pri:0, instance:testScripts.AddressUpdate@27efef64]" name="load" is-config="true" duration-ms="1842" started-at="2021-03-30T11:49:06Z" finished-at="2021-03-30T11:49:08Z">
          <params>
            <param index="0">
              <value>
                <![CDATA[[TestResult name=Product_Selection status=SUCCESS method=AddressUpdate.Product_Selection()[pri:0, instance:testScripts.AddressUpdate@27efef64] output=Step 1 : Browser Initialized------PASS]]]>
              </value>
            </param>
          </params>
          <reporter-output>
          </reporter-output>
        </test-method> <!-- load -->
        <test-method status="PASS" signature="Product_Selection()[pri:0, instance:testScripts.AddressUpdate@27efef64]" name="Product_Selection" duration-ms="37120" started-at="2021-03-30T11:49:08Z" finished-at="2021-03-30T11:49:45Z">
          <reporter-output>
            <line>
              <![CDATA[Step 1 : Browser Initialized------PASS]]>
            </line>
            <line>
              <![CDATA[<br>Step 1 : Url Loaded------PASS]]>
            </line>
            <line>
              <![CDATA[<br>Step 2 : Signin clicked------PASS]]>
            </line>
            <line>
              <![CDATA[<br>Step 3 : Application logged in------PASS]]>
            </line>
            <line>
              <![CDATA[<br>Step 4 : Tshirt Menu clicked------PASS]]>
            </line>
            <line>
              <![CDATA[<br>Step 5 : Tshirt Hovered Over------PASS]]>
            </line>
            <line>
              <![CDATA[<br>Step 6 : Add to Cart clicked------PASS]]>
            </line>
            <line>
              <![CDATA[<br>Step 7 : Proceed to checkout clicked------PASS]]>
            </line>
            <line>
              <![CDATA[<br>Step 8 : Proceed to checkout clicked------PASS]]>
            </line>
            <line>
              <![CDATA[<br>Step 9 : Proceed to update address clicked------PASS]]>
            </line>
            <line>
              <![CDATA[<br>Step 10 : Proceed to address field edited------PASS]]>
            </line>
            <line>
              <![CDATA[<br>Step 11 : save button clicked------PASS]]>
            </line>
            <line>
              <![CDATA[<br>Step 12 : Verification of Address Success------PASS]]>
            </line>
            <line>
              <![CDATA[<br>Step 13 : Proceed to checkout clicked------PASS]]>
            </line>
            <line>
              <![CDATA[<br>Step 14 : User Agreement Checkbox clicked------PASS]]>
            </line>
            <line>
              <![CDATA[<br>Step 15 : Proceed to checkout clicked------PASS]]>
            </line>
            <line>
              <![CDATA[<br><img src='F:/Selenium_Framework-master/Selenium_Framework-master/src/libraries/screenshots/testScripts.AddressUpdate_30_03_2021_11_49_45.jpeg' height='300' width='300'/><br>]]>
            </line>
            <line>
              <![CDATA[<br>Step 16 : Validation Successfull------PASS]]>
            </line>
            <line>
              <![CDATA[<br>Browser Closed------PASS]]>
            </line>
          </reporter-output>
        </test-method> <!-- Product_Selection -->
        <test-method status="PASS" signature="cleanup(org.testng.ITestResult)[pri:0, instance:testScripts.AddressUpdate@27efef64]" name="cleanup" is-config="true" duration-ms="763" started-at="2021-03-30T11:49:45Z" finished-at="2021-03-30T11:49:46Z">
          <params>
            <param index="0">
              <value>
                <![CDATA[[TestResult name=Product_Selection status=SUCCESS method=AddressUpdate.Product_Selection()[pri:0, instance:testScripts.AddressUpdate@27efef64] output=Step 1 : Browser Initialized------PASS]]]>
              </value>
            </param>
          </params>
          <reporter-output>
          </reporter-output>
        </test-method> <!-- cleanup -->
      </class> <!-- testScripts.AddressUpdate -->
      <class name="testScripts.ProductSelection">
        <test-method status="PASS" signature="load(org.testng.ITestResult)[pri:0, instance:testScripts.ProductSelection@59f99ea]" name="load" is-config="true" duration-ms="1674" started-at="2021-03-30T11:48:40Z" finished-at="2021-03-30T11:48:42Z">
          <params>
            <param index="0">
              <value>
                <![CDATA[[TestResult name=Product_Selection status=SUCCESS method=ProductSelection.Product_Selection()[pri:0, instance:testScripts.ProductSelection@59f99ea] output=Step 1 : Browser Initialized------PASS]]]>
              </value>
            </param>
          </params>
          <reporter-output>
          </reporter-output>
        </test-method> <!-- load -->
        <test-method status="PASS" signature="Product_Selection()[pri:0, instance:testScripts.ProductSelection@59f99ea]" name="Product_Selection" duration-ms="23943" started-at="2021-03-30T11:48:42Z" finished-at="2021-03-30T11:49:06Z">
          <reporter-output>
            <line>
              <![CDATA[Step 1 : Browser Initialized------PASS]]>
            </line>
            <line>
              <![CDATA[<br>Step 1 : Url Loaded------PASS]]>
            </line>
            <line>
              <![CDATA[<br>Step 2 : Signin clicked------PASS]]>
            </line>
            <line>
              <![CDATA[<br>Step 3 : Application logged in------PASS]]>
            </line>
            <line>
              <![CDATA[<br>Step 4 : Tshirt Menu clicked------PASS]]>
            </line>
            <line>
              <![CDATA[<br>Step 5 : Tshirt Hoverd over------PASS]]>
            </line>
            <line>
              <![CDATA[<br>Step 6 : Add to cart clicked------PASS]]>
            </line>
            <line>
              <![CDATA[<br>Step 7 : proceed to Checkout clicked------PASS]]>
            </line>
            <line>
              <![CDATA[<br><img src='F:/Selenium_Framework-master/Selenium_Framework-master/src/libraries/screenshots/testScripts.ProductSelection_30_03_2021_11_49_05.jpeg' height='300' width='300'/><br>]]>
            </line>
            <line>
              <![CDATA[<br>Step 8 : Verificaiton of Prodcut selection------PASS]]>
            </line>
            <line>
              <![CDATA[<br>Browser Closed------PASS]]>
            </line>
          </reporter-output>
        </test-method> <!-- Product_Selection -->
        <test-method status="PASS" signature="cleanup(org.testng.ITestResult)[pri:0, instance:testScripts.ProductSelection@59f99ea]" name="cleanup" is-config="true" duration-ms="781" started-at="2021-03-30T11:49:06Z" finished-at="2021-03-30T11:49:06Z">
          <params>
            <param index="0">
              <value>
                <![CDATA[[TestResult name=Product_Selection status=SUCCESS method=ProductSelection.Product_Selection()[pri:0, instance:testScripts.ProductSelection@59f99ea] output=Step 1 : Browser Initialized------PASS]]]>
              </value>
            </param>
          </params>
          <reporter-output>
          </reporter-output>
        </test-method> <!-- cleanup -->
      </class> <!-- testScripts.ProductSelection -->
      <class name="testScripts.UserRegistration">
        <test-method status="PASS" signature="load(org.testng.ITestResult)[pri:0, instance:testScripts.UserRegistration@ae45eb6]" name="load" is-config="true" duration-ms="3613" started-at="2021-03-30T11:48:10Z" finished-at="2021-03-30T11:48:13Z">
          <params>
            <param index="0">
              <value>
                <![CDATA[[TestResult name=Product_Selection status=SUCCESS method=UserRegistration.Product_Selection()[pri:0, instance:testScripts.UserRegistration@ae45eb6] output=Step 1 : Browser Initialized------PASS]]]>
              </value>
            </param>
          </params>
          <reporter-output>
          </reporter-output>
        </test-method> <!-- load -->
        <test-method status="PASS" signature="Product_Selection()[pri:0, instance:testScripts.UserRegistration@ae45eb6]" name="Product_Selection" duration-ms="25803" started-at="2021-03-30T11:48:13Z" finished-at="2021-03-30T11:48:39Z">
          <reporter-output>
            <line>
              <![CDATA[Step 1 : Browser Initialized------PASS]]>
            </line>
            <line>
              <![CDATA[<br>Step 1 : Url Loaded------PASS]]>
            </line>
            <line>
              <![CDATA[<br>Step 2 : Signin clicked------PASS]]>
            </line>
            <line>
              <![CDATA[<br>Step 3 : email entered------PASS]]>
            </line>
            <line>
              <![CDATA[<br>Step 4 : create account clicked------PASS]]>
            </line>
            <line>
              <![CDATA[<br>Step 5 : gender choosed------PASS]]>
            </line>
            <line>
              <![CDATA[<br>Step 6 : firstname entered------PASS]]>
            </line>
            <line>
              <![CDATA[<br>Step 7 : lastname entered------PASS]]>
            </line>
            <line>
              <![CDATA[<br>Step 8 : password entered------PASS]]>
            </line>
            <line>
              <![CDATA[<br>Step 9 : day selected------PASS]]>
            </line>
            <line>
              <![CDATA[<br>Step 10 : month selected------PASS]]>
            </line>
            <line>
              <![CDATA[<br>Step 11 : year selected------PASS]]>
            </line>
            <line>
              <![CDATA[<br>Step 12 : address firstname entered-----PASS]]>
            </line>
            <line>
              <![CDATA[<br>Step 12 : address lastname entered------PASS]]>
            </line>
            <line>
              <![CDATA[<br>Step 14 : address entered------PASS]]>
            </line>
            <line>
              <![CDATA[<br>Step 15 : city entered------PASS]]>
            </line>
            <line>
              <![CDATA[<br>Step 16 : state selected------PASS]]>
            </line>
            <line>
              <![CDATA[<br>Step 17 : year selected------PASS]]>
            </line>
            <line>
              <![CDATA[<br>Step 18 : zip entered-----PASS]]>
            </line>
            <line>
              <![CDATA[<br>Step 19 : phone number entered------PASS]]>
            </line>
            <line>
              <![CDATA[<br>Step 20 : alais entered------PASS]]>
            </line>
            <line>
              <![CDATA[<br>Step 21 : register clicked------PASS]]>
            </line>
            <line>
              <![CDATA[<br><img src='F:/Selenium_Framework-master/Selenium_Framework-master/src/libraries/screenshots/testScripts.UserRegistration_30_03_2021_11_48_39.jpeg' height='300' width='300'/><br>]]>
            </line>
            <line>
              <![CDATA[<br>Step 22 : Validating the Registration ------PASS]]>
            </line>
            <line>
              <![CDATA[<br>Browser Closed------PASS]]>
            </line>
          </reporter-output>
        </test-method> <!-- Product_Selection -->
        <test-method status="PASS" signature="cleanup(org.testng.ITestResult)[pri:0, instance:testScripts.UserRegistration@ae45eb6]" name="cleanup" is-config="true" duration-ms="954" started-at="2021-03-30T11:48:39Z" finished-at="2021-03-30T11:48:40Z">
          <params>
            <param index="0">
              <value>
                <![CDATA[[TestResult name=Product_Selection status=SUCCESS method=UserRegistration.Product_Selection()[pri:0, instance:testScripts.UserRegistration@ae45eb6] output=Step 1 : Browser Initialized------PASS]]]>
              </value>
            </param>
          </params>
          <reporter-output>
          </reporter-output>
        </test-method> <!-- cleanup -->
      </class> <!-- testScripts.UserRegistration -->
      <class name="testScripts.Payment">
        <test-method status="PASS" signature="load(org.testng.ITestResult)[pri:0, instance:testScripts.Payment@6f7fd0e6]" name="load" is-config="true" duration-ms="1660" started-at="2021-03-30T11:49:46Z" finished-at="2021-03-30T11:49:48Z">
          <params>
            <param index="0">
              <value>
                <![CDATA[[TestResult name=Product_Selection status=SUCCESS method=Payment.Product_Selection()[pri:0, instance:testScripts.Payment@6f7fd0e6] output=Step 1 : Browser Initialized------PASS]]]>
              </value>
            </param>
          </params>
          <reporter-output>
          </reporter-output>
        </test-method> <!-- load -->
        <test-method status="PASS" signature="Product_Selection()[pri:0, instance:testScripts.Payment@6f7fd0e6]" name="Product_Selection" duration-ms="42457" started-at="2021-03-30T11:49:48Z" finished-at="2021-03-30T11:50:30Z">
          <reporter-output>
            <line>
              <![CDATA[Step 1 : Browser Initialized------PASS]]>
            </line>
            <line>
              <![CDATA[<br>Step 1 : Url Loaded------PASS]]>
            </line>
            <line>
              <![CDATA[<br>Step 2 : Signin clicked------PASS]]>
            </line>
            <line>
              <![CDATA[<br>Step 3 : Application logged in------PASS]]>
            </line>
            <line>
              <![CDATA[<br>Step 4 : Tshirt Menu clicked------PASS]]>
            </line>
            <line>
              <![CDATA[<br>Step 5 : Tshirt Hovered Over------PASS]]>
            </line>
            <line>
              <![CDATA[<br>Step 6 : Add to Cart clicked------PASS]]>
            </line>
            <line>
              <![CDATA[<br>Step 7 : Proceed to checkout clicked------PASS]]>
            </line>
            <line>
              <![CDATA[<br>Step 8 : Proceed to checkout clicked------PASS]]>
            </line>
            <line>
              <![CDATA[<br>Step 9 : Proceed to update address clicked------PASS]]>
            </line>
            <line>
              <![CDATA[<br>Step 10 : Proceed to address field edited------PASS]]>
            </line>
            <line>
              <![CDATA[<br>Step 11 : save button clicked------PASS]]>
            </line>
            <line>
              <![CDATA[<br>Step 12 : Verification of Address Success------PASS]]>
            </line>
            <line>
              <![CDATA[<br>Step 13 : Proceed to checkout clicked------PASS]]>
            </line>
            <line>
              <![CDATA[<br>Step 14 : User Agreement Checkbox clicked------PASS]]>
            </line>
            <line>
              <![CDATA[<br>Step 15 : Proceed to checkout clicked------PASS]]>
            </line>
            <line>
              <![CDATA[<br>Step 16 : payment option  clicked------PASS]]>
            </line>
            <line>
              <![CDATA[<br>Step 17 : order confirmed------PASS]]>
            </line>
            <line>
              <![CDATA[<br><img src='F:/Selenium_Framework-master/Selenium_Framework-master/src/libraries/screenshots/testScripts.Payment_30_03_2021_11_50_30.jpeg' height='300' width='300'/><br>]]>
            </line>
            <line>
              <![CDATA[<br>Step 18 : Order Details Validated------PASS]]>
            </line>
            <line>
              <![CDATA[<br>Browser Closed------PASS]]>
            </line>
          </reporter-output>
        </test-method> <!-- Product_Selection -->
        <test-method status="PASS" signature="cleanup(org.testng.ITestResult)[pri:0, instance:testScripts.Payment@6f7fd0e6]" name="cleanup" is-config="true" duration-ms="782" started-at="2021-03-30T11:50:30Z" finished-at="2021-03-30T11:50:31Z">
          <params>
            <param index="0">
              <value>
                <![CDATA[[TestResult name=Product_Selection status=SUCCESS method=Payment.Product_Selection()[pri:0, instance:testScripts.Payment@6f7fd0e6] output=Step 1 : Browser Initialized------PASS]]]>
              </value>
            </param>
          </params>
          <reporter-output>
          </reporter-output>
        </test-method> <!-- cleanup -->
      </class> <!-- testScripts.Payment -->
    </test> <!-- OrangeHRM -->
  </suite> <!-- first -->
</testng-results>
