<?xml version="1.0" encoding="UTF-8"?>
<testng-results skipped="0" failed="0" total="3" passed="3">
  <reporter-output>
    <line>
      <![CDATA[Step 1 : Browser Initialized------PASS]]>
    </line>
    <line>
      <![CDATA[<br>Step 1 : Url Loaded------PASS]]>
    </line>
    <line>
      <![CDATA[<br>Step 2 : Register Link clicked------PASS]]>
    </line>
    <line>
      <![CDATA[<br>Step 3 : Firstname entered------PASS]]>
    </line>
    <line>
      <![CDATA[<br>Step 4 : Lastname entered------PASS]]>
    </line>
    <line>
      <![CDATA[<br>Step 5 : Address entered------PASS]]>
    </line>
    <line>
      <![CDATA[<br>Step 6 : City entered------PASS]]>
    </line>
    <line>
      <![CDATA[<br>Step 7 : State entered------PASS]]>
    </line>
    <line>
      <![CDATA[<br>Step 8 : Zipcode entered------PASS]]>
    </line>
    <line>
      <![CDATA[<br>Step 9 : Phone entered------PASS]]>
    </line>
    <line>
      <![CDATA[<br>Step 10 : SSN entered------PASS]]>
    </line>
    <line>
      <![CDATA[<br>Step 11 : Username entered------PASS]]>
    </line>
    <line>
      <![CDATA[<br>Step 12 : Password entered------PASS]]>
    </line>
    <line>
      <![CDATA[<br>Step 13 : Confirm Password entered------PASS]]>
    </line>
    <line>
      <![CDATA[<br>Step 14 : Register Button clicked------PASS]]>
    </line>
    <line>
      <![CDATA[<br><img src='F:/workspace/eclipse/Parabank/src/libraries/screenshots/testScripts.UserRegistration_15_05_2021_13_18_21.jpeg' height='300' width='300'/><br>]]>
    </line>
    <line>
      <![CDATA[<br>Step 15 : Validating the Registration ------PASS]]>
    </line>
    <line>
      <![CDATA[<br>Browser Closed------PASS]]>
    </line>
    <line>
      <![CDATA[Step 1 : Browser Initialized------PASS]]>
    </line>
    <line>
      <![CDATA[<br>Step 1 : Url Loaded------PASS]]>
    </line>
    <line>
      <![CDATA[<br>Step 2 : Entered username and Password and login button clicked------PASS]]>
    </line>
    <line>
      <![CDATA[<br><img src='F:/workspace/eclipse/Parabank/src/libraries/screenshots/testScripts.ParabankLoginCheck_15_05_2021_13_18_40.jpeg' height='300' width='300'/><br>]]>
    </line>
    <line>
      <![CDATA[<br>Step 8 : Verificaiton of Prodcut selection------PASS]]>
    </line>
    <line>
      <![CDATA[<br>Browser Closed------PASS]]>
    </line>
    <line>
      <![CDATA[Step 1 : Browser Initialized------PASS]]>
    </line>
    <line>
      <![CDATA[<br>Step 1 : Url Loaded------PASS]]>
    </line>
    <line>
      <![CDATA[<br>Step 2 : Entered username and Password and login button clicked------PASS]]>
    </line>
    <line>
      <![CDATA[<br>Step 3 : Open Account clicked------PASS]]>
    </line>
    <line>
      <![CDATA[<br>Step 4 : Account Type Selected------PASS]]>
    </line>
    <line>
      <![CDATA[<br>Step 5 : Open New Account clicked------PASS]]>
    </line>
    <line>
      <![CDATA[<br>Step 6 : Verified the Welcome Message------PASS]]>
    </line>
    <line>
      <![CDATA[<br>Step 7 : Account number written to Excel------PASS]]>
    </line>
    <line>
      <![CDATA[<br><img src='F:/workspace/eclipse/Parabank/src/libraries/screenshots/testScripts.CreateOpenAccount_15_05_2021_13_19_06.jpeg' height='300' width='300'/><br>]]>
    </line>
    <line>
      <![CDATA[<br>Step 8 : Verificaiton of Account details------PASS]]>
    </line>
    <line>
      <![CDATA[<br>Browser Closed------PASS]]>
    </line>
  </reporter-output>
  <suite name="first" duration-ms="64940" started-at="2021-05-15T07:48:03Z" finished-at="2021-05-15T07:49:08Z">
    <groups>
    </groups>
    <test name="Parabank" duration-ms="64940" started-at="2021-05-15T07:48:03Z" finished-at="2021-05-15T07:49:08Z">
      <class name="testScripts.CreateOpenAccount">
        <test-method status="PASS" signature="load(org.testng.ITestResult)[pri:0, instance:testScripts.CreateOpenAccount@59f99ea]" name="load" is-config="true" duration-ms="2263" started-at="2021-05-15T13:18:41Z" finished-at="2021-05-15T13:18:43Z">
          <params>
            <param index="0">
              <value>
                <![CDATA[[TestResult name=Parabank_Login status=SUCCESS method=CreateOpenAccount.Parabank_Login()[pri:0, instance:testScripts.CreateOpenAccount@59f99ea] output=Step 1 : Browser Initialized------PASS]]]>
              </value>
            </param>
          </params>
          <reporter-output>
          </reporter-output>
        </test-method> <!-- load -->
        <test-method status="PASS" signature="Parabank_Login()[pri:0, instance:testScripts.CreateOpenAccount@59f99ea]" name="Parabank_Login" duration-ms="22927" started-at="2021-05-15T13:18:43Z" finished-at="2021-05-15T13:19:06Z">
          <reporter-output>
            <line>
              <![CDATA[Step 1 : Browser Initialized------PASS]]>
            </line>
            <line>
              <![CDATA[<br>Step 1 : Url Loaded------PASS]]>
            </line>
            <line>
              <![CDATA[<br>Step 2 : Entered username and Password and login button clicked------PASS]]>
            </line>
            <line>
              <![CDATA[<br>Step 3 : Open Account clicked------PASS]]>
            </line>
            <line>
              <![CDATA[<br>Step 4 : Account Type Selected------PASS]]>
            </line>
            <line>
              <![CDATA[<br>Step 5 : Open New Account clicked------PASS]]>
            </line>
            <line>
              <![CDATA[<br>Step 6 : Verified the Welcome Message------PASS]]>
            </line>
            <line>
              <![CDATA[<br>Step 7 : Account number written to Excel------PASS]]>
            </line>
            <line>
              <![CDATA[<br><img src='F:/workspace/eclipse/Parabank/src/libraries/screenshots/testScripts.CreateOpenAccount_15_05_2021_13_19_06.jpeg' height='300' width='300'/><br>]]>
            </line>
            <line>
              <![CDATA[<br>Step 8 : Verificaiton of Account details------PASS]]>
            </line>
            <line>
              <![CDATA[<br>Browser Closed------PASS]]>
            </line>
          </reporter-output>
        </test-method> <!-- Parabank_Login -->
        <test-method status="PASS" signature="cleanup(org.testng.ITestResult)[pri:0, instance:testScripts.CreateOpenAccount@59f99ea]" name="cleanup" is-config="true" duration-ms="1219" started-at="2021-05-15T13:19:06Z" finished-at="2021-05-15T13:19:08Z">
          <params>
            <param index="0">
              <value>
                <![CDATA[[TestResult name=Parabank_Login status=SUCCESS method=CreateOpenAccount.Parabank_Login()[pri:0, instance:testScripts.CreateOpenAccount@59f99ea] output=Step 1 : Browser Initialized------PASS]]]>
              </value>
            </param>
          </params>
          <reporter-output>
          </reporter-output>
        </test-method> <!-- cleanup -->
      </class> <!-- testScripts.CreateOpenAccount -->
      <class name="testScripts.UserRegistration">
        <test-method status="PASS" signature="load(org.testng.ITestResult)[pri:0, instance:testScripts.UserRegistration@68c4039c]" name="load" is-config="true" duration-ms="4148" started-at="2021-05-15T13:18:03Z" finished-at="2021-05-15T13:18:07Z">
          <params>
            <param index="0">
              <value>
                <![CDATA[[TestResult name=user_registration status=SUCCESS method=UserRegistration.user_registration()[pri:0, instance:testScripts.UserRegistration@68c4039c] output=Step 1 : Browser Initialized------PASS]]]>
              </value>
            </param>
          </params>
          <reporter-output>
          </reporter-output>
        </test-method> <!-- load -->
        <test-method status="PASS" signature="user_registration()[pri:0, instance:testScripts.UserRegistration@68c4039c]" name="user_registration" duration-ms="14792" started-at="2021-05-15T13:18:07Z" finished-at="2021-05-15T13:18:22Z">
          <reporter-output>
            <line>
              <![CDATA[Step 1 : Browser Initialized------PASS]]>
            </line>
            <line>
              <![CDATA[<br>Step 1 : Url Loaded------PASS]]>
            </line>
            <line>
              <![CDATA[<br>Step 2 : Register Link clicked------PASS]]>
            </line>
            <line>
              <![CDATA[<br>Step 3 : Firstname entered------PASS]]>
            </line>
            <line>
              <![CDATA[<br>Step 4 : Lastname entered------PASS]]>
            </line>
            <line>
              <![CDATA[<br>Step 5 : Address entered------PASS]]>
            </line>
            <line>
              <![CDATA[<br>Step 6 : City entered------PASS]]>
            </line>
            <line>
              <![CDATA[<br>Step 7 : State entered------PASS]]>
            </line>
            <line>
              <![CDATA[<br>Step 8 : Zipcode entered------PASS]]>
            </line>
            <line>
              <![CDATA[<br>Step 9 : Phone entered------PASS]]>
            </line>
            <line>
              <![CDATA[<br>Step 10 : SSN entered------PASS]]>
            </line>
            <line>
              <![CDATA[<br>Step 11 : Username entered------PASS]]>
            </line>
            <line>
              <![CDATA[<br>Step 12 : Password entered------PASS]]>
            </line>
            <line>
              <![CDATA[<br>Step 13 : Confirm Password entered------PASS]]>
            </line>
            <line>
              <![CDATA[<br>Step 14 : Register Button clicked------PASS]]>
            </line>
            <line>
              <![CDATA[<br><img src='F:/workspace/eclipse/Parabank/src/libraries/screenshots/testScripts.UserRegistration_15_05_2021_13_18_21.jpeg' height='300' width='300'/><br>]]>
            </line>
            <line>
              <![CDATA[<br>Step 15 : Validating the Registration ------PASS]]>
            </line>
            <line>
              <![CDATA[<br>Browser Closed------PASS]]>
            </line>
          </reporter-output>
        </test-method> <!-- user_registration -->
        <test-method status="PASS" signature="cleanup(org.testng.ITestResult)[pri:0, instance:testScripts.UserRegistration@68c4039c]" name="cleanup" is-config="true" duration-ms="906" started-at="2021-05-15T13:18:22Z" finished-at="2021-05-15T13:18:22Z">
          <params>
            <param index="0">
              <value>
                <![CDATA[[TestResult name=user_registration status=SUCCESS method=UserRegistration.user_registration()[pri:0, instance:testScripts.UserRegistration@68c4039c] output=Step 1 : Browser Initialized------PASS]]]>
              </value>
            </param>
          </params>
          <reporter-output>
          </reporter-output>
        </test-method> <!-- cleanup -->
      </class> <!-- testScripts.UserRegistration -->
      <class name="testScripts.ParabankLoginCheck">
        <test-method status="PASS" signature="load(org.testng.ITestResult)[pri:0, instance:testScripts.ParabankLoginCheck@ae45eb6]" name="load" is-config="true" duration-ms="3509" started-at="2021-05-15T13:18:22Z" finished-at="2021-05-15T13:18:26Z">
          <params>
            <param index="0">
              <value>
                <![CDATA[[TestResult name=Parabank_Login status=SUCCESS method=ParabankLoginCheck.Parabank_Login()[pri:0, instance:testScripts.ParabankLoginCheck@ae45eb6] output=Step 1 : Browser Initialized------PASS]]]>
              </value>
            </param>
          </params>
          <reporter-output>
          </reporter-output>
        </test-method> <!-- load -->
        <test-method status="PASS" signature="Parabank_Login()[pri:0, instance:testScripts.ParabankLoginCheck@ae45eb6]" name="Parabank_Login" duration-ms="14263" started-at="2021-05-15T13:18:26Z" finished-at="2021-05-15T13:18:40Z">
          <reporter-output>
            <line>
              <![CDATA[Step 1 : Browser Initialized------PASS]]>
            </line>
            <line>
              <![CDATA[<br>Step 1 : Url Loaded------PASS]]>
            </line>
            <line>
              <![CDATA[<br>Step 2 : Entered username and Password and login button clicked------PASS]]>
            </line>
            <line>
              <![CDATA[<br><img src='F:/workspace/eclipse/Parabank/src/libraries/screenshots/testScripts.ParabankLoginCheck_15_05_2021_13_18_40.jpeg' height='300' width='300'/><br>]]>
            </line>
            <line>
              <![CDATA[<br>Step 8 : Verificaiton of Prodcut selection------PASS]]>
            </line>
            <line>
              <![CDATA[<br>Browser Closed------PASS]]>
            </line>
          </reporter-output>
        </test-method> <!-- Parabank_Login -->
        <test-method status="PASS" signature="cleanup(org.testng.ITestResult)[pri:0, instance:testScripts.ParabankLoginCheck@ae45eb6]" name="cleanup" is-config="true" duration-ms="897" started-at="2021-05-15T13:18:40Z" finished-at="2021-05-15T13:18:41Z">
          <params>
            <param index="0">
              <value>
                <![CDATA[[TestResult name=Parabank_Login status=SUCCESS method=ParabankLoginCheck.Parabank_Login()[pri:0, instance:testScripts.ParabankLoginCheck@ae45eb6] output=Step 1 : Browser Initialized------PASS]]]>
              </value>
            </param>
          </params>
          <reporter-output>
          </reporter-output>
        </test-method> <!-- cleanup -->
      </class> <!-- testScripts.ParabankLoginCheck -->
    </test> <!-- Parabank -->
  </suite> <!-- first -->
</testng-results>
