<?xml version="1.0" encoding="UTF-8"?>
<!-- Generated by org.testng.reporters.JUnitXMLReporter -->
<testsuite hostname="DESKTOP-DC93QGP" name="MyStore" tests="1" failures="1" timestamp="15 May 2021 04:24:00 GMT" time="23.185" errors="0">
  <testcase name="user_registration" time="17.144" classname="testScripts.UserRegistration">
    <failure type="java.lang.AssertionError" message="Cannot get a STRING value from a NUMERIC cell">
      <![CDATA[java.lang.AssertionError: Cannot get a STRING value from a NUMERIC cell
	at testScripts.UserRegistration.user_registration(UserRegistration.java:131)
... Removed 25 stack frames]]>
    </failure>
  </testcase> <!-- user_registration -->
</testsuite> <!-- MyStore -->
