<?xml version="1.0" encoding="UTF-8"?>
<!-- Generated by org.testng.reporters.JUnitXMLReporter -->
<testsuite hostname="DESKTOP-DC93QGP" name="OrangeHRM" tests="4" failures="0" timestamp="30 Mar 2021 06:20:31 GMT" time="141.426" errors="0">
  <testcase name="Product_Selection" time="25.803" classname="testScripts.UserRegistration"/>
  <testcase name="Product_Selection" time="23.943" classname="testScripts.ProductSelection"/>
  <testcase name="Product_Selection" time="37.12" classname="testScripts.AddressUpdate"/>
  <testcase name="Product_Selection" time="42.457" classname="testScripts.Payment"/>
</testsuite> <!-- OrangeHRM -->
