<?xml version="1.0" encoding="UTF-8"?>
<!-- Generated by org.testng.reporters.JUnitXMLReporter -->
<testsuite hostname="DESKTOP-DC93QGP" name="Parabank" tests="3" failures="0" timestamp="15 May 2021 07:49:08 GMT" time="64.94" errors="0">
  <testcase name="user_registration" time="14.792" classname="testScripts.UserRegistration"/>
  <testcase name="Parabank_Login" time="14.263" classname="testScripts.ParabankLoginCheck"/>
  <testcase name="Parabank_Login" time="22.927" classname="testScripts.CreateOpenAccount"/>
</testsuite> <!-- Parabank -->
